2025-04-05 17:05:25 Initialized Research with path: data.csv
2025-04-05 17:05:25 Reading file...
2025-04-05 17:05:25 Read 12 data entries.
2025-04-05 17:05:25 Calculating counts of heads and tails...
2025-04-05 17:05:25 Heads: 5, Tails: 7
2025-04-05 17:05:25 Calculating fractions...
2025-04-05 17:05:25 Head fraction: 41.66666666666667%, Tail fraction: 58.333333333333336%
2025-04-05 17:05:25 Generating 3 random predictions...
2025-04-05 17:05:25 Predictions: [[0, 1], [1, 0], [1, 0]]
2025-04-05 17:05:25 Saving data to report.txt...
2025-04-05 17:05:25 Data saved successfully.
2025-04-05 17:05:25 Sending message to Telegram...
2025-04-05 17:05:25 Starting new HTTPS connection (1): api.telegram.org:443
2025-04-05 17:05:31 https://api.telegram.org:443 "POST /bot7019160856:AAE14iTC5a1O5i6g_2VqLEqDV2WDimuSvyw/sendMessage HTTP/1.1" 400 73
2025-04-05 17:05:31 Failed to send message: 400
2025-04-05 17:08:53 Initialized Research with path: data.csv
2025-04-05 17:08:53 Reading file...
2025-04-05 17:08:53 Read 12 data entries.
2025-04-05 17:08:53 Calculating counts of heads and tails...
2025-04-05 17:08:53 Heads: 5, Tails: 7
2025-04-05 17:08:53 Calculating fractions...
2025-04-05 17:08:53 Head fraction: 41.66666666666667%, Tail fraction: 58.333333333333336%
2025-04-05 17:08:53 Generating 3 random predictions...
2025-04-05 17:08:53 Predictions: [[0, 1], [0, 1], [0, 1]]
2025-04-05 17:08:53 Saving data to report.txt...
2025-04-05 17:08:53 Data saved successfully.
2025-04-05 17:08:53 Sending message to Telegram...
2025-04-05 17:08:53 Starting new HTTPS connection (1): api.telegram.org:443
2025-04-05 17:08:53 https://api.telegram.org:443 "POST /bot7019160856:AAE14iTC5a1O5i6g_2VqLEqDV2WDimuSvyw/sendMessage HTTP/1.1" 400 73
2025-04-05 17:08:53 Failed to send message: 400
2025-04-05 17:09:53 Initialized Research with path: data.csv
2025-04-05 17:09:53 Reading file...
2025-04-05 17:09:53 Read 12 data entries.
2025-04-05 17:09:53 Calculating counts of heads and tails...
2025-04-05 17:09:53 Heads: 5, Tails: 7
2025-04-05 17:09:53 Calculating fractions...
2025-04-05 17:09:53 Head fraction: 41.66666666666667%, Tail fraction: 58.333333333333336%
2025-04-05 17:09:53 Generating 3 random predictions...
2025-04-05 17:09:53 Predictions: [[1, 0], [1, 0], [1, 0]]
2025-04-05 17:09:53 Saving data to report.txt...
2025-04-05 17:09:53 Data saved successfully.
2025-04-05 17:09:53 Sending message to Telegram...
2025-04-05 17:09:53 Starting new HTTPS connection (1): api.telegram.org:443
2025-04-05 17:09:54 https://api.telegram.org:443 "POST /bot7019160856:AAE14iTC5a1O5i6g_2VqLEqDV2WDimuSvyw/sendMessage HTTP/1.1" 400 73
2025-04-05 17:09:54 Failed to send message: 400
2025-04-05 17:12:56 Initialized Research with path: data.csv
2025-04-05 17:12:56 Reading file...
2025-04-05 17:12:56 Read 12 data entries.
2025-04-05 17:12:56 Calculating counts of heads and tails...
2025-04-05 17:12:56 Heads: 5, Tails: 7
2025-04-05 17:12:56 Calculating fractions...
2025-04-05 17:12:56 Head fraction: 41.66666666666667%, Tail fraction: 58.333333333333336%
2025-04-05 17:12:56 Generating 3 random predictions...
2025-04-05 17:12:56 Predictions: [[0, 1], [0, 1], [0, 1]]
2025-04-05 17:12:56 Saving data to report.txt...
2025-04-05 17:12:56 Data saved successfully.
2025-04-05 17:12:56 Sending message to Telegram...
2025-04-05 17:12:56 Starting new HTTPS connection (1): api.telegram.org:443
2025-04-05 17:12:56 https://api.telegram.org:443 "POST /bot7019160856:AAE14iTC5a1O5i6g_2VqLEqDV2WDimuSvyw/sendMessage HTTP/1.1" 200 274
2025-04-05 17:12:56 Message sent successfully.
2025-04-05 17:13:36 Initialized Research with path: dta.csv
2025-04-05 17:13:36 Reading file...
2025-04-05 17:13:36 Error reading file: [Errno 2] No such file or directory: 'dta.csv'
2025-04-05 17:23:20 Initialized Research with path: dta.csv
2025-04-05 17:23:20 Reading file...
2025-04-05 17:23:20 Error reading file: [Errno 2] No such file or directory: 'dta.csv'
2025-04-05 17:24:08 Initialized Research with path: dta.csv
2025-04-05 17:24:08 Initialized Research with path: dta.csv
2025-04-05 17:24:08 Reading file...
2025-04-05 17:24:08 Error reading file: [Errno 2] No such file or directory: 'dta.csv'
2025-04-05 17:24:08 Sending message to Telegram...
2025-04-05 17:24:08 Starting new HTTPS connection (1): api.telegram.org:443
2025-04-05 17:24:09 https://api.telegram.org:443 "POST /bot7019160856:AAE14iTC5a1O5i6g_2VqLEqDV2WDimuSvyw/sendMessage HTTP/1.1" 200 284
2025-04-05 17:24:09 Message sent successfully.
2025-04-05 17:24:27 Initialized Research with path: data.csv
2025-04-05 17:24:27 Initialized Research with path: data.csv
2025-04-05 17:24:27 Reading file...
2025-04-05 17:24:27 Read 12 data entries.
2025-04-05 17:24:27 Calculating counts of heads and tails...
2025-04-05 17:24:27 Heads: 5, Tails: 7
2025-04-05 17:24:27 Calculating fractions...
2025-04-05 17:24:27 Head fraction: 41.66666666666667%, Tail fraction: 58.333333333333336%
2025-04-05 17:24:27 Generating 3 random predictions...
2025-04-05 17:24:27 Predictions: [[0, 1], [1, 0], [0, 1]]
2025-04-05 17:24:27 Saving data to report.txt...
2025-04-05 17:24:27 Data saved successfully.
2025-04-05 17:24:27 Sending message to Telegram...
2025-04-05 17:24:27 Starting new HTTPS connection (1): api.telegram.org:443
2025-04-05 17:24:27 https://api.telegram.org:443 "POST /bot7019160856:AAE14iTC5a1O5i6g_2VqLEqDV2WDimuSvyw/sendMessage HTTP/1.1" 200 274
2025-04-05 17:24:27 Message sent successfully.
